c:\users\wesley\documents\github\dpuhw\361-optimized-c++\student\wwu36\pa2\pa2_readonly\debug\jedicoldnode.obj
c:\users\wesley\documents\github\dpuhw\361-optimized-c++\student\wwu36\pa2\pa2_readonly\debug\bloated.obj
c:\users\wesley\documents\github\dpuhw\361-optimized-c++\student\wwu36\pa2\pa2_readonly\debug\matrix.obj
c:\users\wesley\documents\github\dpuhw\361-optimized-c++\student\wwu36\pa2\pa2_readonly\debug\node.obj
c:\users\wesley\documents\github\dpuhw\361-optimized-c++\student\wwu36\pa2\pa2_readonly\debug\hotcoldtiming_tests.obj
c:\users\wesley\documents\github\dpuhw\361-optimized-c++\student\wwu36\pa2\pa2_readonly\debug\aligndata.obj
c:\users\wesley\documents\github\dpuhw\361-optimized-c++\student\wwu36\pa2\pa2_readonly\debug\bloated_findkey.obj
c:\users\wesley\documents\github\dpuhw\361-optimized-c++\student\wwu36\pa2\pa2_readonly\debug\jedihotcoldtiming_tests.obj
c:\users\wesley\documents\github\dpuhw\361-optimized-c++\student\wwu36\pa2\pa2_readonly\debug\hotnode.obj
c:\users\wesley\documents\github\dpuhw\361-optimized-c++\student\wwu36\pa2\pa2_readonly\debug\hotcoldconvert_tests.obj
c:\users\wesley\documents\github\dpuhw\361-optimized-c++\student\wwu36\pa2\pa2_readonly\debug\jedihotnode.obj
c:\users\wesley\documents\github\dpuhw\361-optimized-c++\student\wwu36\pa2\pa2_readonly\debug\main.obj
c:\users\wesley\documents\github\dpuhw\361-optimized-c++\student\wwu36\pa2\pa2_readonly\debug\jediredirect.obj
c:\users\wesley\documents\github\dpuhw\361-optimized-c++\student\wwu36\pa2\pa2_readonly\debug\alignmentprint_tests.obj
c:\users\wesley\documents\github\dpuhw\361-optimized-c++\student\wwu36\pa2\pa2_readonly\debug\hotcold.obj
c:\users\wesley\documents\github\dpuhw\361-optimized-c++\student\wwu36\pa2\pa2_readonly\debug\alignmentrework_tests.obj
c:\users\wesley\documents\github\dpuhw\361-optimized-c++\student\wwu36\pa2\pa2_readonly\debug\align.obj
c:\users\wesley\documents\github\dpuhw\361-optimized-c++\student\wwu36\pa2\pa2_readonly\debug\hotcoldlink_tests.obj
c:\users\wesley\documents\github\dpuhw\361-optimized-c++\student\wwu36\pa2\pa2_readonly\debug\coldnode.obj
c:\users\wesley\documents\github\dpuhw\361-optimized-c++\student\wwu36\pa2\pa2_readonly\debug\jedihotcoldconvert_tests.obj
c:\users\wesley\documents\github\dpuhw\361-optimized-c++\student\wwu36\pa2\pa2_readonly\debug\vect.obj
c:\users\wesley\documents\github\dpuhw\361-optimized-c++\student\wwu36\pa2\pa2_readonly\debug\bloatedfindkey_tests.obj
c:\users\wesley\documents\github\dpuhw\361-optimized-c++\student\wwu36\pa2\pa2_readonly\debug\jedihotcold.obj
c:\users\wesley\documents\github\dpuhw\361-optimized-c++\student\wwu36\pa2\pa2_readonly\debug\vc143.pdb
c:\users\wesley\documents\github\dpuhw\361-optimized-c++\student\wwu36\pa2\debug\pa2.exe
c:\users\wesley\documents\github\dpuhw\361-optimized-c++\student\wwu36\pa2\pa2_readonly\debug\pa2.ilk
c:\users\wesley\documents\github\dpuhw\361-optimized-c++\student\wwu36\pa2\debug\pa2.pdb
c:\users\wesley\documents\github\dpuhw\361-optimized-c++\student\wwu36\pa2\pa2_readonly\debug\pa2.tlog\cl.command.1.tlog
c:\users\wesley\documents\github\dpuhw\361-optimized-c++\student\wwu36\pa2\pa2_readonly\debug\pa2.tlog\cl.read.1.tlog
c:\users\wesley\documents\github\dpuhw\361-optimized-c++\student\wwu36\pa2\pa2_readonly\debug\pa2.tlog\cl.write.1.tlog
c:\users\wesley\documents\github\dpuhw\361-optimized-c++\student\wwu36\pa2\pa2_readonly\debug\pa2.tlog\link.command.1.tlog
c:\users\wesley\documents\github\dpuhw\361-optimized-c++\student\wwu36\pa2\pa2_readonly\debug\pa2.tlog\link.read.1.tlog
c:\users\wesley\documents\github\dpuhw\361-optimized-c++\student\wwu36\pa2\pa2_readonly\debug\pa2.tlog\link.write.1.tlog
